0 info it worked if it ends with ok
1 verbose cli [ 'D:\\account\\other\\projects\\software\\nodejs\\node.exe',
1 verbose cli   'D:\\account\\other\\projects\\software\\nodejs\\node_modules\\npm\\bin\\npm-cli.js',
1 verbose cli   'start' ]
2 info using npm@3.10.10
3 info using node@v6.10.1
4 verbose run-script [ 'prestart', 'start', 'poststart' ]
5 info lifecycle dentapp@1.0.0~prestart: dentapp@1.0.0
6 silly lifecycle dentapp@1.0.0~prestart: no script for prestart, continuing
7 info lifecycle dentapp@1.0.0~start: dentapp@1.0.0
8 verbose lifecycle dentapp@1.0.0~start: unsafe-perm in lifecycle true
9 verbose lifecycle dentapp@1.0.0~start: PATH: D:\account\other\projects\software\nodejs\node_modules\npm\bin\node-gyp-bin;D:\account\other\projects\artifact\sumit\dentapp\node_modules\.bin;C:\ProgramData\Oracle\Java\javapath;C:\Program Files (x86)\RSA SecurID Token Common;C:\Program Files (x86)\Intel\iCLS Client\;C:\Program Files\Intel\iCLS Client\;C:\Windows\system32;C:\Windows;C:\Windows\System32\Wbem;C:\Windows\System32\WindowsPowerShell\v1.0\;C:\Program Files\Intel\Intel(R) Management Engine Components\DAL;C:\Program Files\Intel\Intel(R) Management Engine Components\IPT;C:\Program Files (x86)\Intel\Intel(R) Management Engine Components\DAL;C:\Program Files (x86)\Intel\Intel(R) Management Engine Components\IPT;C:\Program Files\Intel\WiFi\bin\;C:\Program Files\Common Files\Intel\WirelessCommon\;C:\Program Files\Java\jdk1.8.0_101\bin;D:\unify\old-backup\Software\cygwin\bin;D:\unify\old-backup\Software\ant-1.8.2\bin;C:\Program Files\TortoiseSVN\bin;D:\unify\old-backup\Software\apache-maven-3.0.5-bin\apache-maven-3.0.5\bin;/Users/799892/.npm-packages;C:\Program Files (x86)\Skype\Phone\;C:\Windows\System32\WindowsPowerShell\v1.0\;C:\Program Files\PuTTY\;C:\Program Files\Git\cmd;D:\account\other\projects\software\nodejs\;C:\Program Files\Docker Toolbox;C:\Users\799892\AppData\Roaming\npm
10 verbose lifecycle dentapp@1.0.0~start: CWD: D:\account\other\projects\artifact\sumit\dentapp
11 silly lifecycle dentapp@1.0.0~start: Args: [ '/d /s /c', 'node server.js' ]
12 verbose stack Error: kill ENOSYS
12 verbose stack     at exports._errnoException (util.js:1018:11)
12 verbose stack     at process.kill (internal/process.js:190:13)
12 verbose stack     at process.listener (D:\account\other\projects\software\nodejs\node_modules\npm\node_modules\npmlog\node_modules\gauge\node_modules\signal-exit\index.js:86:15)
12 verbose stack     at emitNone (events.js:91:20)
12 verbose stack     at process.emit (events.js:185:7)
12 verbose stack     at processEmit (D:\account\other\projects\software\nodejs\node_modules\npm\node_modules\npmlog\node_modules\gauge\node_modules\signal-exit\index.js:146:32)
12 verbose stack     at processEmit (D:\account\other\projects\software\nodejs\node_modules\npm\node_modules\npm-registry-client\node_modules\npmlog\node_modules\gauge\node_modules\signal-exit\index.js:146:32)
12 verbose stack     at Signal.wrap.onsignal (internal/process.js:217:44)
13 verbose cwd D:\account\other\projects\artifact\sumit\dentapp\app
14 error Windows_NT 6.1.7601
15 error argv "D:\\account\\other\\projects\\software\\nodejs\\node.exe" "D:\\account\\other\\projects\\software\\nodejs\\node_modules\\npm\\bin\\npm-cli.js" "start"
16 error node v6.10.1
17 error npm  v3.10.10
18 error code ENOSYS
19 error errno ENOSYS
20 error syscall kill
21 error kill ENOSYS
22 error If you need help, you may report this error at:
22 error     <https://github.com/npm/npm/issues>
23 verbose exit [ 1, true ]
